<?xml version="1.0" encoding="UTF-8"?>
<!-- Generated by org.testng.reporters.JUnitReportReporter -->
<testsuite hostname="sureshsir-PC" name="primusbank.tests.AdminLoginTest" tests="1" failures="0" timestamp="20 Dec 2019 03:33:19 GMT" time="4.089" errors="0">
  <testcase name="checkAdminLogin" time="4.089" classname="primusbank.tests.AdminLoginTest"/>
</testsuite> <!-- primusbank.tests.AdminLoginTest -->
